#
# There is insufficient memory for the Java Runtime Environment to continue.
# Native memory allocation (mmap) failed to map 257949696 bytes for Failed to commit area from 0x000000070a800000 to 0x0000000719e00000 of length 257949696.
# Possible reasons:
#   The system is out of physical RAM or swap space
#   The process is running with CompressedOops enabled, and the Java Heap may be blocking the growth of the native heap
# Possible solutions:
#   Reduce memory load on the system
#   Increase physical memory or swap space
#   Check if swap backing store is full
#   Decrease Java heap size (-Xmx/-Xms)
#   Decrease number of Java threads
#   Decrease Java thread stack sizes (-Xss)
#   Set larger code cache with -XX:ReservedCodeCacheSize=
# This output file may be truncated or incomplete.
#
#  Out of Memory Error (src/hotspot/os/windows/os_windows.cpp:3627), pid=239404, tid=247924
#
# JRE version:  (11.0.15) (build )
# Java VM: OpenJDK 64-Bit Server VM (11.0.15+0-b2043.56-9505619, mixed mode, sharing, tiered, compressed oops, g1 gc, windows-amd64)
# No core dump will be written. Minidumps are not enabled by default on client versions of Windows
#

---------------  S U M M A R Y ------------

Command Line: git4idea.http.GitAskPassApp Username for 'https://github.com': 

Host: 12th Gen Intel(R) Core(TM) i5-12400, 12 cores, 15G,  Windows 11 , 64 bit Build 22621 (10.0.22621.1485)
Time: Fri May 12 02:51:03 2023 SE Asia Standard Time elapsed time: 0.008308 seconds (0d 0h 0m 0s)

---------------  T H R E A D  ---------------

Current thread (0x000002d0b301c000):  JavaThread "Unknown thread" [_thread_in_vm, id=247924, stack(0x000000ec56700000,0x000000ec56800000)]

Stack: [0x000000ec56700000,0x000000ec56800000]
Native frames: (J=compiled Java code, j=interpreted, Vv=VM code, C=native code)
V  [jvm.dll+0x64135a]
V  [jvm.dll+0x7d39f9]
V  [jvm.dll+0x7d51b9]
V  [jvm.dll+0x7d58a3]
V  [jvm.dll+0x2691c5]
V  [jvm.dll+0x63e4e9]
V  [jvm.dll+0x632985]
V  [jvm.dll+0x3231ac]
V  [jvm.dll+0x323032]
V  [jvm.dll+0x327c06]
V  [jvm.dll+0x36ffa2]
V  [jvm.dll+0x36fa01]
V  [jvm.dll+0x2fea28]
V  [jvm.dll+0x2ffb25]
V  [jvm.dll+0x7accd7]
V  [jvm.dll+0x7ae49f]
V  [jvm.dll+0x37d299]
V  [jvm.dll+0x78ef9f]
V  [jvm.dll+0x3ec847]
V  [jvm.dll+0x3eed31]
C  [jli.dll+0x52cb]
C  [ucrtbase.dll+0x29363]
C  [KERNEL32.DLL+0x1269d]
C  [ntdll.dll+0x5a9f8]


---------------  P R O C E S S  ---------------

Threads class SMR info:
_java_thread_list=0x000002d0b2f44be0, length=0, elements={
}

Java Threads: ( => current thread )

Other Threads:
  0x000002d0b5217800 GCTaskThread "GC Thread#0" [stack: 0x000000ec56800000,0x000000ec56900000] [id=247816]
  0x000002d0b5274800 ConcurrentGCThread "G1 Main Marker" [stack: 0x000000ec56900000,0x000000ec56a00000] [id=245148]
  0x000002d0b5277000 ConcurrentGCThread "G1 Conc#0" [stack: 0x000000ec56a00000,0x000000ec56b00000] [id=251100]

[error occurred during error reporting (printing all threads), id 0xc0000005, EXCEPTION_ACCESS_VIOLATION (0xc0000005) at pc=0x00007ffc3381f3e7]

VM state:not at safepoint (not fully initialized)

VM Mutex/Monitor currently owned by a thread:  ([mutex/lock_event])
[0x000002d0b301ade0] Heap_lock - owner thread: 0x000002d0b301c000

Heap address: 0x000000070a800000, size: 3928 MB, Compressed Oops mode: Non-zero based: 0x000000070a800000
Narrow klass base: 0x0000000000000000, Narrow klass shift: 0

GC Heap History (0 events):
No events

Deoptimization events (0 events):
No events

Classes redefined (0 events):
No events

Internal exceptions (0 events):
No events

Events (1 events):
Event: 0.005 Loaded shared library C:\Program Files\Android\Android Studio\jbr\bin\zip.dll


Dynamic libraries:
0x00007ff7e9f00000 - 0x00007ff7e9f0a000 	C:\Program Files\Android\Android Studio\jbr\bin\java.exe
0x00007ffccd550000 - 0x00007ffccd764000 	C:\WINDOWS\SYSTEM32\ntdll.dll
0x00007ffccbdb0000 - 0x00007ffccbe72000 	C:\WINDOWS\System32\KERNEL32.DLL
0x00007ffccaf00000 - 0x00007ffccb29c000 	C:\WINDOWS\System32\KERNELBASE.dll
0x00007ffccad10000 - 0x00007ffccae21000 	C:\WINDOWS\System32\ucrtbase.dll
0x00007ffca0bb0000 - 0x00007ffca0bcb000 	C:\Program Files\Android\Android Studio\jbr\bin\VCRUNTIME140.dll
0x00007ffca10b0000 - 0x00007ffca10c7000 	C:\Program Files\Android\Android Studio\jbr\bin\jli.dll
0x00007ffcccd10000 - 0x00007ffcccebb000 	C:\WINDOWS\System32\USER32.dll
0x00007ffcb4830000 - 0x00007ffcb4abe000 	C:\WINDOWS\WinSxS\amd64_microsoft.windows.common-controls_6595b64144ccf1df_6.0.22621.608_none_a9444ca7c10bb01d\COMCTL32.dll
0x00007ffccbbd0000 - 0x00007ffccbc77000 	C:\WINDOWS\System32\msvcrt.dll
0x00007ffccae30000 - 0x00007ffccae56000 	C:\WINDOWS\System32\win32u.dll
0x00007ffcccb80000 - 0x00007ffcccba9000 	C:\WINDOWS\System32\GDI32.dll
0x00007ffccaa10000 - 0x00007ffccab23000 	C:\WINDOWS\System32\gdi32full.dll
0x00007ffccae60000 - 0x00007ffccaefa000 	C:\WINDOWS\System32\msvcp_win.dll
0x00007ffccbd70000 - 0x00007ffccbda1000 	C:\WINDOWS\System32\IMM32.DLL
0x00007ffca29b0000 - 0x00007ffca29bc000 	C:\Program Files\Android\Android Studio\jbr\bin\vcruntime140_1.dll
0x00007ffc5e470000 - 0x00007ffc5e4fd000 	C:\Program Files\Android\Android Studio\jbr\bin\msvcp140.dll
0x00007ffc33510000 - 0x00007ffc340cc000 	C:\Program Files\Android\Android Studio\jbr\bin\server\jvm.dll
0x00007ffcccfa0000 - 0x00007ffccd04e000 	C:\WINDOWS\System32\ADVAPI32.dll
0x00007ffccb360000 - 0x00007ffccb404000 	C:\WINDOWS\System32\sechost.dll
0x00007ffccca60000 - 0x00007ffcccb77000 	C:\WINDOWS\System32\RPCRT4.dll
0x00007ffccbd60000 - 0x00007ffccbd68000 	C:\WINDOWS\System32\PSAPI.DLL
0x00007ffcc40b0000 - 0x00007ffcc40ba000 	C:\WINDOWS\SYSTEM32\VERSION.dll
0x00007ffcc7990000 - 0x00007ffcc7999000 	C:\WINDOWS\SYSTEM32\WSOCK32.dll
0x00007ffcc44f0000 - 0x00007ffcc4524000 	C:\WINDOWS\SYSTEM32\WINMM.dll
0x00007ffccb410000 - 0x00007ffccb481000 	C:\WINDOWS\System32\WS2_32.dll
0x00007ffcc9a90000 - 0x00007ffcc9aa8000 	C:\WINDOWS\SYSTEM32\kernel.appcore.dll
0x00007ffcc7980000 - 0x00007ffcc7990000 	C:\Program Files\Android\Android Studio\jbr\bin\verify.dll
0x00007ffcbe420000 - 0x00007ffcbe64e000 	C:\WINDOWS\SYSTEM32\DBGHELP.DLL
0x00007ffccd160000 - 0x00007ffccd4e9000 	C:\WINDOWS\System32\combase.dll
0x00007ffccbc80000 - 0x00007ffccbd57000 	C:\WINDOWS\System32\OLEAUT32.dll
0x00007ffcb64c0000 - 0x00007ffcb64f2000 	C:\WINDOWS\SYSTEM32\dbgcore.DLL
0x00007ffcca990000 - 0x00007ffccaa0b000 	C:\WINDOWS\System32\bcryptPrimitives.dll
0x00007ffca2a50000 - 0x00007ffca2a78000 	C:\Program Files\Android\Android Studio\jbr\bin\java.dll
0x00007ffcc7970000 - 0x00007ffcc797a000 	C:\Program Files\Android\Android Studio\jbr\bin\jimage.dll
0x00007ffca6810000 - 0x00007ffca6828000 	C:\Program Files\Android\Android Studio\jbr\bin\zip.dll

dbghelp: loaded successfully - version: 4.0.5 - missing functions: none
symbol engine: initialized successfully - sym options: 0x614 - pdb path: .;C:\Program Files\Android\Android Studio\jbr\bin;C:\WINDOWS\SYSTEM32;C:\WINDOWS\WinSxS\amd64_microsoft.windows.common-controls_6595b64144ccf1df_6.0.22621.608_none_a9444ca7c10bb01d;C:\Program Files\Android\Android Studio\jbr\bin\server

VM Arguments:
java_command: git4idea.http.GitAskPassApp Username for 'https://github.com': 
java_class_path (initial): C:/Program Files/Android/Android Studio/plugins/git4idea/lib/git4idea-rt.jar;C:/Program Files/Android/Android Studio/lib/externalProcess-rt.jar;C:/Program Files/Android/Android Studio/lib/app.jar;C:/Program Files/Android/Android Studio/lib/3rd-party-rt.jar
Launcher Type: SUN_STANDARD

[Global flags]
     intx CICompilerCount                          = 4                                         {product} {ergonomic}
     uint ConcGCThreads                            = 3                                         {product} {ergonomic}
     uint G1ConcRefinementThreads                  = 10                                        {product} {ergonomic}
   size_t G1HeapRegionSize                         = 1048576                                   {product} {ergonomic}
    uintx GCDrainStackTargetSize                   = 64                                        {product} {ergonomic}
   size_t InitialHeapSize                          = 257949696                                 {product} {ergonomic}
   size_t MarkStackSize                            = 4194304                                   {product} {ergonomic}
   size_t MaxHeapSize                              = 4118806528                                {product} {ergonomic}
   size_t MinHeapDeltaBytes                        = 1048576                                   {product} {ergonomic}
    uintx NonNMethodCodeHeapSize                   = 5836300                                {pd product} {ergonomic}
    uintx NonProfiledCodeHeapSize                  = 122910970                              {pd product} {ergonomic}
    uintx ProfiledCodeHeapSize                     = 122910970                              {pd product} {ergonomic}
    uintx ReservedCodeCacheSize                    = 251658240                              {pd product} {ergonomic}
     bool SegmentedCodeCache                       = true                                      {product} {ergonomic}
     bool UseCompressedClassPointers               = true                                 {lp64_product} {ergonomic}
     bool UseCompressedOops                        = true                                 {lp64_product} {ergonomic}
     bool UseG1GC                                  = true                                      {product} {ergonomic}
     bool UseLargePagesIndividualAllocation        = false                                  {pd product} {ergonomic}

Logging:
Log output configuration:
 #0: stdout all=warning uptime,level,tags
 #1: stderr all=off uptime,level,tags

Environment Variables:
PATH=C:/Program Files/Git/mingw64/libexec/git-core;C:/Program Files/Git/mingw64/libexec/git-core;C:\Program Files\Git\mingw64\bin;C:\Program Files\Git\usr\bin;C:\Users\suytd\bin;C:\Program Files\Common Files\Oracle\Java\javapath;C:\WINDOWS\system32;C:\WINDOWS;C:\WINDOWS\System32\Wbem;C:\WINDOWS\System32\WindowsPowerShell\v1.0\;C:\WINDOWS\System32\OpenSSH\;C:\Program Files\NVIDIA Corporation\NVIDIA NvDLISR;C:\Program Files\Git\cmd;C:\Program Files\nodejs\;C:\Program Files\Cloudflare\Cloudflare WARP\;C:\Users\suytd\AppData\Local\Microsoft\WindowsApps;C:\Users\suytd\AppData\Local\Programs\Microsoft VS Code\bin;C:\Users\suytd\AppData\Roaming\npm
USERNAME=suytd
DISPLAY=:0.0
LC_ALL=en_US.UTF-8
OS=Windows_NT
PROCESSOR_IDENTIFIER=Intel64 Family 6 Model 151 Stepping 5, GenuineIntel



---------------  S Y S T E M  ---------------

OS: Windows 11 , 64 bit Build 22621 (10.0.22621.1485)
OS uptime: 0 days 18:49 hours
Hyper-V role detected

CPU:total 12 (initial active 12) (6 cores per cpu, 2 threads per core) family 6 model 151 stepping 5 microcode 0x1f, cmov, cx8, fxsr, mmx, sse, sse2, sse3, ssse3, sse4.1, sse4.2, popcnt, avx, avx2, aes, clmul, erms, 3dnowpref, lzcnt, ht, tsc, tscinvbit, bmi1, bmi2, adx, sha, fma

Memory: 4k page, system-wide physical 15708M (507M free)
TotalPageFile size 32832M (AvailPageFile size 134M)
current process WorkingSet (physical memory assigned to process): 11M, peak: 11M
current process commit charge ("private bytes"): 64M, peak: 310M

vm_info: OpenJDK 64-Bit Server VM (11.0.15+0-b2043.56-9505619) for windows-amd64 JRE (11.0.15+0-b2043.56-9505619), built on Jan 19 2023 02:48:00 by "builduser" with unknown MS VC++:1929

END.
